<?xml version="1.0" encoding="utf-8"?><testsuites name="pytest tests"><testsuite name="pytest" errors="0" failures="2" skipped="2" tests="117" time="27.945" timestamp="2026-04-27T17:48:27.671192+00:00" hostname="agent-env-9e738084-d90b-48c0-986e-190c4cb329fc"><testcase classname="" name="tests.test_backend_e2e" time="0.000"><skipped message="collection skipped">('/app/backend/tests/test_backend_e2e.py', 27, 'Skipped: test_backend_e2e is destructive (wipes groups/billing). Set ALLOW_DESTRUCTIVE_E2E=true and point at a throwaway DB to run.')</skipped></testcase><testcase classname="" name="tests.test_matches" time="0.000"><skipped message="collection skipped">('/app/backend/tests/test_matches.py', 25, 'Skipped: test_matches is destructive (wipes groups/billing/memberships). Set ALLOW_DESTRUCTIVE_E2E=true and point at a throwaway DB to run.')</skipped></testcase><testcase classname="tests.test_prompt10" name="test_health_ok" time="0.120" /><testcase classname="tests.test_prompt10" name="test_iap_validate_requires_auth" time="0.106" /><testcase classname="tests.test_prompt10" name="test_iap_validate_invalid_platform" time="0.412" /><testcase classname="tests.test_prompt10" name="test_iap_validate_empty_receipt" time="0.120" /><testcase classname="tests.test_prompt10" name="test_iap_validate_returns_stub_false_for_valid_request" time="0.253" /><testcase classname="tests.test_prompt10" name="test_push_log_unique_index_exists" time="0.015" /><testcase classname="tests.test_prompt10" name="test_reminder_service_module_imports_and_loop_callable" time="0.229" /><testcase classname="tests.test_prompt10" name="test_reminder_service_runs_without_error" time="0.009" /><testcase classname="tests.test_prompt10" name="test_me_endpoint" time="0.114" /><testcase classname="tests.test_prompt10" name="test_my_groups_regression" time="0.110" /><testcase classname="tests.test_prompt10" name="test_push_prefs_regression" time="0.124" /><testcase classname="tests.test_prompt10" name="test_billing_status_regression" time="0.138" /><testcase classname="tests.test_prompt10" name="test_listings_regression" time="0.103" /><testcase classname="tests.test_prompt3" name="test_health" time="0.099" /><testcase classname="tests.test_prompt3" name="test_seed_status" time="0.625" /><testcase classname="tests.test_prompt3" name="test_billing_pro_group" time="0.105" /><testcase classname="tests.test_prompt3" name="test_billing_free_group" time="0.106" /><testcase classname="tests.test_prompt3" name="test_billing_mark_paid" time="0.135" /><testcase classname="tests.test_prompt3" name="test_billing_checkout_session_handles_stripe" time="1.033" /><testcase classname="tests.test_prompt3" name="test_cash_summary_pro" time="0.254"><failure message="assert 185.0 == 175.0">tests/test_prompt3.py:157: in test_cash_summary_pro
    assert j["total_expense"] == 175.0
E   assert 185.0 == 175.0</failure></testcase><testcase classname="tests.test_prompt3" name="test_cash_free_blocked" time="0.117" /><testcase classname="tests.test_prompt3" name="test_cash_create_update_delete" time="0.721" /><testcase classname="tests.test_prompt3" name="test_cash_export" time="0.235" /><testcase classname="tests.test_prompt3" name="test_finance_summary" time="0.132" /><testcase classname="tests.test_prompt3" name="test_my_stats_visible_for_free" time="0.117" /><testcase classname="tests.test_prompt3" name="test_leaderboard_pro_uses_points_config" time="0.523" /><testcase classname="tests.test_prompt3" name="test_leaderboard_goals_and_participations" time="0.306" /><testcase classname="tests.test_prompt3" name="test_leaderboard_free_blocked" time="0.104" /><testcase classname="tests.test_prompt3" name="test_seasons_list_and_hall_of_fame" time="0.226" /><testcase classname="tests.test_prompt3" name="test_seasons_validation_and_close" time="0.899" /><testcase classname="tests.test_prompt3" name="test_chat_post_and_list_with_emoji" time="0.363" /><testcase classname="tests.test_prompt3" name="test_chat_non_member_blocked" time="0.437" /><testcase classname="tests.test_prompt3" name="test_listings_browse_no_auth" time="0.242" /><testcase classname="tests.test_prompt3" name="test_listings_geo_filter" time="0.109" /><testcase classname="tests.test_prompt3" name="test_listings_create_and_respond" time="1.273" /><testcase classname="tests.test_prompt3" name="test_player_search" time="0.234" /><testcase classname="tests.test_prompt3" name="test_invitations_flow" time="0.580"><failure message="AssertionError: {&quot;detail&quot;:&quot;Вече е член&quot;}&#10;assert 400 == 200&#10; +  where 400 = &lt;Response [400]&gt;.status_code">tests/test_prompt3.py:493: in test_invitations_flow
    assert inv.status_code == 200, inv.text
E   AssertionError: {"detail":"Вече е член"}
E   assert 400 == 200
E    +  where 400 = &lt;Response [400]&gt;.status_code</failure></testcase><testcase classname="tests.test_prompt3" name="test_group_follows" time="0.696" /><testcase classname="tests.test_prompt3" name="test_admin_login_wrong_password" time="0.130" /><testcase classname="tests.test_prompt3" name="test_admin_stats" time="0.132" /><testcase classname="tests.test_prompt3" name="test_admin_groups_users_payments" time="0.765" /><testcase classname="tests.test_prompt3" name="test_admin_non_admin_token_blocked" time="0.130" /><testcase classname="tests.test_prompt3" name="test_admin_no_token" time="0.106" /><testcase classname="tests.test_prompt6_room.TestMatchRead" name="test_get_match_includes_rsvps_and_meta" time="0.244" /><testcase classname="tests.test_prompt6_room.TestMatchRead" name="test_get_upcoming_for_group" time="0.117" /><testcase classname="tests.test_prompt6_room.TestRsvpToggle" name="test_rsvp_going_then_revert" time="0.364" /><testcase classname="tests.test_prompt6_room.TestPayments" name="test_payments_list" time="0.126" /><testcase classname="tests.test_prompt6_room.TestResults" name="test_score_get" time="0.118" /><testcase classname="tests.test_prompt6_room.TestResults" name="test_results_get" time="0.106" /><testcase classname="tests.test_prompt6_room.TestTeams" name="test_teams_get" time="0.121" /><testcase classname="tests.test_prompt6_room.TestChat" name="test_chat_get" time="0.146" /><testcase classname="tests.test_prompt6_room.TestChat" name="test_chat_send_then_appear" time="0.751" /><testcase classname="tests.test_prompt6_room.TestQueues" name="test_waitlist" time="0.119" /><testcase classname="tests.test_prompt6_room.TestQueues" name="test_pending" time="0.128" /><testcase classname="tests.test_prompt7.TestListings" name="test_list_active" time="0.222" /><testcase classname="tests.test_prompt7.TestListings" name="test_filter_by_type" time="0.348" /><testcase classname="tests.test_prompt7.TestListings" name="test_invalid_type_400" time="0.113" /><testcase classname="tests.test_prompt7.TestListings" name="test_get_listing_detail" time="0.221" /><testcase classname="tests.test_prompt7.TestListings" name="test_get_listing_404" time="0.124" /><testcase classname="tests.test_prompt7.TestListings" name="test_listing_create_pro_round_trip" time="0.549" /><testcase classname="tests.test_prompt7.TestListings" name="test_listing_create_free_group_403" time="0.116" /><testcase classname="tests.test_prompt7.TestListings" name="test_listing_create_invalid_type" time="0.103" /><testcase classname="tests.test_prompt7.TestListings" name="test_listing_create_missing_title" time="0.124" /><testcase classname="tests.test_prompt7.TestListings" name="test_author_cannot_respond_to_own" time="0.336" /><testcase classname="tests.test_prompt7.TestPlayerSearch" name="test_search_pro_admin_ok" time="0.122" /><testcase classname="tests.test_prompt7.TestPlayerSearch" name="test_search_short_returns_empty" time="0.099" /><testcase classname="tests.test_prompt7.TestPlayerSearch" name="test_search_excludes_existing_members" time="0.123" /><testcase classname="tests.test_prompt7.TestInvitations" name="test_my_invitations_list" time="0.129" /><testcase classname="tests.test_prompt7.TestInvitations" name="test_invite_to_free_group_blocked" time="0.255" /><testcase classname="tests.test_prompt7.TestInvitations" name="test_respond_invalid_invitation_404" time="0.124" /><testcase classname="tests.test_prompt7.TestCash" name="test_cash_summary_pro" time="0.115" /><testcase classname="tests.test_prompt7.TestCash" name="test_cash_summary_free_paywall" time="0.105" /><testcase classname="tests.test_prompt7.TestCash" name="test_cash_transactions_list" time="0.135" /><testcase classname="tests.test_prompt7.TestCash" name="test_cash_create_txn_then_delete" time="0.210" /><testcase classname="tests.test_prompt7.TestStats" name="test_group_stats" time="0.141" /><testcase classname="tests.test_prompt7.TestStats" name="test_leaderboard_pro" time="0.176" /><testcase classname="tests.test_prompt7.TestStats" name="test_leaderboard_free_paywall" time="0.123" /><testcase classname="tests.test_prompt7.TestStats" name="test_seasons_list" time="0.112" /><testcase classname="tests.test_prompt8.TestAdminAuth" name="test_admin_login_success" time="0.109" /><testcase classname="tests.test_prompt8.TestAdminAuth" name="test_admin_login_invalid" time="0.117" /><testcase classname="tests.test_prompt8.TestAdminAuth" name="test_admin_stats_requires_token" time="0.147" /><testcase classname="tests.test_prompt8.TestAdminAuth" name="test_admin_stats_invalid_token" time="0.119" /><testcase classname="tests.test_prompt8.TestAdminEndpoints" name="test_admin_stats" time="0.235" /><testcase classname="tests.test_prompt8.TestAdminEndpoints" name="test_admin_groups_list" time="0.217" /><testcase classname="tests.test_prompt8.TestAdminEndpoints" name="test_admin_groups_filter_plan" time="0.226" /><testcase classname="tests.test_prompt8.TestAdminEndpoints" name="test_admin_groups_search" time="0.260" /><testcase classname="tests.test_prompt8.TestAdminEndpoints" name="test_admin_group_detail" time="0.222" /><testcase classname="tests.test_prompt8.TestAdminEndpoints" name="test_admin_group_detail_404" time="0.208" /><testcase classname="tests.test_prompt8.TestAdminEndpoints" name="test_admin_users_list" time="0.239" /><testcase classname="tests.test_prompt8.TestAdminEndpoints" name="test_admin_users_search" time="0.239" /><testcase classname="tests.test_prompt8.TestAdminEndpoints" name="test_admin_user_detail_404" time="0.232" /><testcase classname="tests.test_prompt8.TestAdminEndpoints" name="test_admin_payments" time="0.228" /><testcase classname="tests.test_prompt8.TestHallOfFame" name="test_hof_pro_dit" time="0.201" /><testcase classname="tests.test_prompt8.TestHallOfFame" name="test_hof_free_paywall" time="0.193" /><testcase classname="tests.test_prompt8.TestCashExport" name="test_cash_export_csv" time="0.169" /><testcase classname="tests.test_prompt8.TestCashExport" name="test_cash_export_json" time="0.185" /><testcase classname="tests.test_prompt8.TestCashExport" name="test_cash_export_free_paywall" time="0.227" /><testcase classname="tests.test_prompt8.TestTransferPlayerValidation" name="test_transfer_invalid_same_team_or_404" time="0.212" /><testcase classname="tests.test_prompt8.TestTransferPlayerValidation" name="test_transfer_invalid_team_value" time="0.285" /><testcase classname="tests.test_prompt9.TestRegisterToken" name="test_register_token_requires_auth" time="0.104" /><testcase classname="tests.test_prompt9.TestRegisterToken" name="test_register_token_rejects_invalid" time="0.210" /><testcase classname="tests.test_prompt9.TestRegisterToken" name="test_register_token_rejects_empty" time="0.206" /><testcase classname="tests.test_prompt9.TestRegisterToken" name="test_register_token_success_persists" time="0.238" /><testcase classname="tests.test_prompt9.TestRegisterToken" name="test_register_token_then_test_returns_sent_true" time="0.317" /><testcase classname="tests.test_prompt9.TestRegisterToken" name="test_unregister_token" time="0.252" /><testcase classname="tests.test_prompt9.TestPrefs" name="test_get_prefs_returns_defaults" time="0.206" /><testcase classname="tests.test_prompt9.TestPrefs" name="test_put_prefs_partial_merge" time="0.400" /><testcase classname="tests.test_prompt9.TestPrefs" name="test_put_prefs_validates_reminder_hours_low" time="0.117" /><testcase classname="tests.test_prompt9.TestPrefs" name="test_put_prefs_validates_reminder_hours_high" time="0.125" /><testcase classname="tests.test_prompt9.TestPrefs" name="test_put_prefs_accepts_valid_reminder_hours" time="0.583" /><testcase classname="tests.test_prompt9.TestPrefs" name="test_get_prefs_requires_auth" time="0.114" /><testcase classname="tests.test_prompt9.TestPushTest" name="test_test_requires_auth" time="0.105" /><testcase classname="tests.test_prompt9.TestPushTest" name="test_test_returns_sent_false_when_no_token" time="0.287" /><testcase classname="tests.test_prompt9.TestMatchFlowsStillWork" name="test_super_login_and_list_groups" time="0.125" /><testcase classname="tests.test_prompt9.TestMatchFlowsStillWork" name="test_rsvp_toggle_still_returns_quickly" time="0.405" /></testsuite></testsuites>