<?xml version="1.0" encoding="utf-8"?><testsuites name="pytest tests"><testsuite name="pytest" errors="0" failures="0" skipped="1" tests="37" time="3.486" timestamp="2026-04-26T16:14:29.034989+00:00" hostname="agent-env-9e738084-d90b-48c0-986e-190c4cb329fc"><testcase classname="backend.tests.test_matches.TestMatchCRUD" name="test_create_match_split" time="0.441" /><testcase classname="backend.tests.test_matches.TestMatchCRUD" name="test_create_past_date_rejected" time="0.048" /><testcase classname="backend.tests.test_matches.TestMatchCRUD" name="test_create_invalid_player_limit" time="0.048" /><testcase classname="backend.tests.test_matches.TestMatchCRUD" name="test_create_fixed_pricing" time="0.049" /><testcase classname="backend.tests.test_matches.TestMatchCRUD" name="test_create_split_with_cash" time="0.054" /><testcase classname="backend.tests.test_matches.TestMatchCRUD" name="test_create_cash_pays_all" time="0.051" /><testcase classname="backend.tests.test_matches.TestMatchCRUD" name="test_create_weekly_sets_series" time="0.048" /><testcase classname="backend.tests.test_matches.TestMatchCRUD" name="test_list_upcoming" time="0.069" /><testcase classname="backend.tests.test_matches.TestMatchCRUD" name="test_get_match_detail" time="0.055" /><testcase classname="backend.tests.test_matches.TestMatchCRUD" name="test_patch_match" time="0.053" /><testcase classname="backend.tests.test_matches.TestMatchCRUD" name="test_cancel_match" time="0.115" /><testcase classname="backend.tests.test_matches.TestRSVP" name="test_owner_rsvp_going_split_recalcs" time="0.053" /><testcase classname="backend.tests.test_matches.TestRSVP" name="test_rsvp_on_cancelled" time="0.048" /><testcase classname="backend.tests.test_matches.TestRSVP" name="test_rsvp_non_member_403" time="0.176" /><testcase classname="backend.tests.test_matches.TestRSVP" name="test_late_cancel_reliability" time="0.163" /><testcase classname="backend.tests.test_matches.TestRSVP" name="test_rsvp_bulk_and_waitlist" time="0.120" /><testcase classname="backend.tests.test_matches.TestRSVP" name="test_waitlist_endpoint" time="0.057" /><testcase classname="backend.tests.test_matches.TestRSVP" name="test_rsvp_remove_promotes" time="0.056" /><testcase classname="backend.tests.test_matches.TestRSVP" name="test_rsvp_bulk_skips_non_member" time="0.050" /><testcase classname="backend.tests.test_matches.TestRSVP" name="test_list_rsvps" time="0.050" /><testcase classname="backend.tests.test_matches.TestApprovalFlow" name="test_approval_pending_then_approve" time="0.311" /><testcase classname="backend.tests.test_matches.TestPayments" name="test_get_payments_swc" time="0.113" /><testcase classname="backend.tests.test_matches.TestPayments" name="test_payment_overpaid" time="0.052" /><testcase classname="backend.tests.test_matches.TestPayments" name="test_payment_unpaid" time="0.050" /><testcase classname="backend.tests.test_matches.TestPayments" name="test_payment_paid_exact" time="0.052" /><testcase classname="backend.tests.test_matches.TestPayments" name="test_record_to_cash_swc" time="0.052" /><testcase classname="backend.tests.test_matches.TestPayments" name="test_pro_gating_free_group" time="0.047"><skipped type="pytest.skip" message="Owner can't create 2nd group due to FREE limit; PRO gating tested elsewhere">/app/backend/tests/test_matches.py:425: Owner can't create 2nd group due to FREE limit; PRO gating tested elsewhere</skipped></testcase><testcase classname="backend.tests.test_matches.TestScoreResults" name="test_set_score" time="0.048" /><testcase classname="backend.tests.test_matches.TestScoreResults" name="test_set_goals_requires_team" time="0.047" /><testcase classname="backend.tests.test_matches.TestTeamsDraft" name="test_set_captains_needs_two_going" time="0.216" /><testcase classname="backend.tests.test_matches.TestTeamsDraft" name="test_pick_alternates" time="0.236" /><testcase classname="backend.tests.test_matches.TestTeamsDraft" name="test_lock_and_blocked_pick" time="0.056" /><testcase classname="backend.tests.test_matches.TestTeamsDraft" name="test_reset_clears" time="0.053" /><testcase classname="backend.tests.test_matches.TestRecurrence" name="test_process_recurrence_skip_too_far" time="0.050" /><testcase classname="backend.tests.test_matches.TestRecurrence" name="test_stop_recurrence" time="0.050" /><testcase classname="backend.tests.test_matches.TestRecurrence" name="test_series_listing" time="0.054" /><testcase classname="backend.tests.test_matches.TestHistory" name="test_history_includes_cancelled" time="0.053" /></testsuite></testsuites>