<?xml version="1.0" encoding="utf-8"?><testsuites name="pytest tests"><testsuite name="pytest" errors="0" failures="0" skipped="0" tests="11" time="2.431" timestamp="2026-04-26T18:44:11.378570+00:00" hostname="agent-env-9e738084-d90b-48c0-986e-190c4cb329fc"><testcase classname="backend.tests.test_prompt6_room.TestMatchRead" name="test_get_match_includes_rsvps_and_meta" time="0.303" /><testcase classname="backend.tests.test_prompt6_room.TestMatchRead" name="test_get_upcoming_for_group" time="0.130" /><testcase classname="backend.tests.test_prompt6_room.TestRsvpToggle" name="test_rsvp_going_then_revert" time="0.391" /><testcase classname="backend.tests.test_prompt6_room.TestPayments" name="test_payments_list" time="0.124" /><testcase classname="backend.tests.test_prompt6_room.TestResults" name="test_score_get" time="0.117" /><testcase classname="backend.tests.test_prompt6_room.TestResults" name="test_results_get" time="0.114" /><testcase classname="backend.tests.test_prompt6_room.TestTeams" name="test_teams_get" time="0.119" /><testcase classname="backend.tests.test_prompt6_room.TestChat" name="test_chat_get" time="0.110" /><testcase classname="backend.tests.test_prompt6_room.TestChat" name="test_chat_send_then_appear" time="0.743" /><testcase classname="backend.tests.test_prompt6_room.TestQueues" name="test_waitlist" time="0.120" /><testcase classname="backend.tests.test_prompt6_room.TestQueues" name="test_pending" time="0.133" /></testsuite></testsuites>