<?xml version="1.0" encoding="utf-8"?><testsuites name="pytest tests"><testsuite name="pytest" errors="0" failures="0" skipped="0" tests="24" time="4.177" timestamp="2026-04-26T18:59:53.019653+00:00" hostname="agent-env-9e738084-d90b-48c0-986e-190c4cb329fc"><testcase classname="tests.test_prompt7.TestListings" name="test_list_active" time="0.223" /><testcase classname="tests.test_prompt7.TestListings" name="test_filter_by_type" time="0.356" /><testcase classname="tests.test_prompt7.TestListings" name="test_invalid_type_400" time="0.098" /><testcase classname="tests.test_prompt7.TestListings" name="test_get_listing_detail" time="0.214" /><testcase classname="tests.test_prompt7.TestListings" name="test_get_listing_404" time="0.114" /><testcase classname="tests.test_prompt7.TestListings" name="test_listing_create_pro_round_trip" time="0.541" /><testcase classname="tests.test_prompt7.TestListings" name="test_listing_create_free_group_403" time="0.117" /><testcase classname="tests.test_prompt7.TestListings" name="test_listing_create_invalid_type" time="0.107" /><testcase classname="tests.test_prompt7.TestListings" name="test_listing_create_missing_title" time="0.143" /><testcase classname="tests.test_prompt7.TestListings" name="test_author_cannot_respond_to_own" time="0.346" /><testcase classname="tests.test_prompt7.TestPlayerSearch" name="test_search_pro_admin_ok" time="0.113" /><testcase classname="tests.test_prompt7.TestPlayerSearch" name="test_search_short_returns_empty" time="0.123" /><testcase classname="tests.test_prompt7.TestPlayerSearch" name="test_search_excludes_existing_members" time="0.106" /><testcase classname="tests.test_prompt7.TestInvitations" name="test_my_invitations_list" time="0.110" /><testcase classname="tests.test_prompt7.TestInvitations" name="test_invite_to_free_group_blocked" time="0.257" /><testcase classname="tests.test_prompt7.TestInvitations" name="test_respond_invalid_invitation_404" time="0.106" /><testcase classname="tests.test_prompt7.TestCash" name="test_cash_summary_pro" time="0.111" /><testcase classname="tests.test_prompt7.TestCash" name="test_cash_summary_free_paywall" time="0.106" /><testcase classname="tests.test_prompt7.TestCash" name="test_cash_transactions_list" time="0.116" /><testcase classname="tests.test_prompt7.TestCash" name="test_cash_create_txn_then_delete" time="0.230" /><testcase classname="tests.test_prompt7.TestStats" name="test_group_stats" time="0.159" /><testcase classname="tests.test_prompt7.TestStats" name="test_leaderboard_pro" time="0.134" /><testcase classname="tests.test_prompt7.TestStats" name="test_leaderboard_free_paywall" time="0.108" /><testcase classname="tests.test_prompt7.TestStats" name="test_seasons_list" time="0.113" /></testsuite></testsuites>