<?xml version="1.0" encoding="utf-8"?><testsuites name="pytest tests"><testsuite name="pytest" errors="0" failures="0" skipped="1" tests="16" time="3.563" timestamp="2026-04-26T20:18:23.758291+00:00" hostname="agent-env-9e738084-d90b-48c0-986e-190c4cb329fc"><testcase classname="backend.tests.test_prompt9.TestRegisterToken" name="test_register_token_requires_auth" time="0.166" /><testcase classname="backend.tests.test_prompt9.TestRegisterToken" name="test_register_token_rejects_invalid" time="0.220" /><testcase classname="backend.tests.test_prompt9.TestRegisterToken" name="test_register_token_rejects_empty" time="0.138" /><testcase classname="backend.tests.test_prompt9.TestRegisterToken" name="test_register_token_success_persists" time="0.218" /><testcase classname="backend.tests.test_prompt9.TestRegisterToken" name="test_register_token_then_test_returns_sent_true" time="0.294" /><testcase classname="backend.tests.test_prompt9.TestRegisterToken" name="test_unregister_token" time="0.273" /><testcase classname="backend.tests.test_prompt9.TestPrefs" name="test_get_prefs_returns_defaults" time="0.276" /><testcase classname="backend.tests.test_prompt9.TestPrefs" name="test_put_prefs_partial_merge" time="0.339" /><testcase classname="backend.tests.test_prompt9.TestPrefs" name="test_put_prefs_validates_reminder_hours_low" time="0.106" /><testcase classname="backend.tests.test_prompt9.TestPrefs" name="test_put_prefs_validates_reminder_hours_high" time="0.110" /><testcase classname="backend.tests.test_prompt9.TestPrefs" name="test_put_prefs_accepts_valid_reminder_hours" time="0.586" /><testcase classname="backend.tests.test_prompt9.TestPrefs" name="test_get_prefs_requires_auth" time="0.115" /><testcase classname="backend.tests.test_prompt9.TestPushTest" name="test_test_requires_auth" time="0.108" /><testcase classname="backend.tests.test_prompt9.TestPushTest" name="test_test_returns_sent_false_when_no_token" time="0.250" /><testcase classname="backend.tests.test_prompt9.TestMatchFlowsStillWork" name="test_super_login_and_list_groups" time="0.108" /><testcase classname="backend.tests.test_prompt9.TestMatchFlowsStillWork" name="test_rsvp_toggle_still_returns_quickly" time="0.234"><skipped type="pytest.skip" message="No matches in first group">/app/backend/tests/test_prompt9.py:176: No matches in first group</skipped></testcase></testsuite></testsuites>