<?xml version="1.0" encoding="utf-8"?><testsuites name="pytest tests"><testsuite name="pytest" errors="0" failures="0" skipped="0" tests="5" time="3.169" timestamp="2026-04-29T14:45:19.768286+00:00" hostname="agent-env-9e738084-d90b-48c0-986e-190c4cb329fc"><testcase classname="tests.test_prompt13.TestGroupsMyMatchFields" name="test_matches_list_contains_new_fields" time="0.951" /><testcase classname="tests.test_prompt13.TestDeleteMatch" name="test_owner_can_delete_and_cascade" time="0.718" /><testcase classname="tests.test_prompt13.TestDeleteMatch" name="test_delete_unknown_match_404" time="0.148" /><testcase classname="tests.test_prompt13.TestDeleteMatch" name="test_non_owner_organizer_gets_403" time="0.729" /><testcase classname="tests.test_prompt13.TestExistingEndpointsStillWork" name="test_patch_cancel_stop_recurrence_flow" time="0.588" /></testsuite></testsuites>