<?xml version="1.0" encoding="utf-8"?><testsuites name="pytest tests"><testsuite name="pytest" errors="0" failures="0" skipped="0" tests="21" time="4.082" timestamp="2026-04-26T19:52:10.893004+00:00" hostname="agent-env-9e738084-d90b-48c0-986e-190c4cb329fc"><testcase classname="backend.tests.test_prompt8.TestAdminAuth" name="test_admin_login_success" time="0.137" /><testcase classname="backend.tests.test_prompt8.TestAdminAuth" name="test_admin_login_invalid" time="0.109" /><testcase classname="backend.tests.test_prompt8.TestAdminAuth" name="test_admin_stats_requires_token" time="0.108" /><testcase classname="backend.tests.test_prompt8.TestAdminAuth" name="test_admin_stats_invalid_token" time="0.106" /><testcase classname="backend.tests.test_prompt8.TestAdminEndpoints" name="test_admin_stats" time="0.235" /><testcase classname="backend.tests.test_prompt8.TestAdminEndpoints" name="test_admin_groups_list" time="0.219" /><testcase classname="backend.tests.test_prompt8.TestAdminEndpoints" name="test_admin_groups_filter_plan" time="0.220" /><testcase classname="backend.tests.test_prompt8.TestAdminEndpoints" name="test_admin_groups_search" time="0.247" /><testcase classname="backend.tests.test_prompt8.TestAdminEndpoints" name="test_admin_group_detail" time="0.210" /><testcase classname="backend.tests.test_prompt8.TestAdminEndpoints" name="test_admin_group_detail_404" time="0.216" /><testcase classname="backend.tests.test_prompt8.TestAdminEndpoints" name="test_admin_users_list" time="0.209" /><testcase classname="backend.tests.test_prompt8.TestAdminEndpoints" name="test_admin_users_search" time="0.261" /><testcase classname="backend.tests.test_prompt8.TestAdminEndpoints" name="test_admin_user_detail_404" time="0.213" /><testcase classname="backend.tests.test_prompt8.TestAdminEndpoints" name="test_admin_payments" time="0.221" /><testcase classname="backend.tests.test_prompt8.TestHallOfFame" name="test_hof_pro_dit" time="0.164" /><testcase classname="backend.tests.test_prompt8.TestHallOfFame" name="test_hof_free_paywall" time="0.153" /><testcase classname="backend.tests.test_prompt8.TestCashExport" name="test_cash_export_csv" time="0.206" /><testcase classname="backend.tests.test_prompt8.TestCashExport" name="test_cash_export_json" time="0.160" /><testcase classname="backend.tests.test_prompt8.TestCashExport" name="test_cash_export_free_paywall" time="0.185" /><testcase classname="backend.tests.test_prompt8.TestTransferPlayerValidation" name="test_transfer_invalid_same_team_or_404" time="0.207" /><testcase classname="backend.tests.test_prompt8.TestTransferPlayerValidation" name="test_transfer_invalid_team_value" time="0.228" /></testsuite></testsuites>