<?xml version="1.0" encoding="utf-8"?><testsuites name="pytest tests"><testsuite name="pytest" errors="0" failures="0" skipped="0" tests="13" time="1.842" timestamp="2026-04-26T20:42:43.741488+00:00" hostname="agent-env-9e738084-d90b-48c0-986e-190c4cb329fc"><testcase classname="tests.test_prompt10" name="test_health_ok" time="0.155" /><testcase classname="tests.test_prompt10" name="test_iap_validate_requires_auth" time="0.108" /><testcase classname="tests.test_prompt10" name="test_iap_validate_invalid_platform" time="0.340" /><testcase classname="tests.test_prompt10" name="test_iap_validate_empty_receipt" time="0.117" /><testcase classname="tests.test_prompt10" name="test_iap_validate_returns_stub_false_for_valid_request" time="0.225" /><testcase classname="tests.test_prompt10" name="test_push_log_unique_index_exists" time="0.078" /><testcase classname="tests.test_prompt10" name="test_reminder_service_module_imports_and_loop_callable" time="0.214" /><testcase classname="tests.test_prompt10" name="test_reminder_service_runs_without_error" time="0.004" /><testcase classname="tests.test_prompt10" name="test_me_endpoint" time="0.119" /><testcase classname="tests.test_prompt10" name="test_my_groups_regression" time="0.111" /><testcase classname="tests.test_prompt10" name="test_push_prefs_regression" time="0.117" /><testcase classname="tests.test_prompt10" name="test_billing_status_regression" time="0.114" /><testcase classname="tests.test_prompt10" name="test_listings_regression" time="0.121" /></testsuite></testsuites>