<?xml version="1.0" encoding="utf-8"?><testsuites name="pytest tests"><testsuite name="pytest" errors="0" failures="0" skipped="0" tests="30" time="10.996" timestamp="2026-04-26T16:50:00.469085+00:00" hostname="agent-env-9e738084-d90b-48c0-986e-190c4cb329fc"><testcase classname="tests.test_prompt3" name="test_health" time="0.131" /><testcase classname="tests.test_prompt3" name="test_seed_status" time="0.619" /><testcase classname="tests.test_prompt3" name="test_billing_pro_group" time="0.113" /><testcase classname="tests.test_prompt3" name="test_billing_free_group" time="0.111" /><testcase classname="tests.test_prompt3" name="test_billing_mark_paid" time="0.439" /><testcase classname="tests.test_prompt3" name="test_billing_checkout_session_handles_stripe" time="1.102" /><testcase classname="tests.test_prompt3" name="test_cash_summary_pro" time="0.236" /><testcase classname="tests.test_prompt3" name="test_cash_free_blocked" time="0.125" /><testcase classname="tests.test_prompt3" name="test_cash_create_update_delete" time="0.729" /><testcase classname="tests.test_prompt3" name="test_cash_export" time="0.240" /><testcase classname="tests.test_prompt3" name="test_finance_summary" time="0.119" /><testcase classname="tests.test_prompt3" name="test_my_stats_visible_for_free" time="0.121" /><testcase classname="tests.test_prompt3" name="test_leaderboard_pro_uses_points_config" time="0.508" /><testcase classname="tests.test_prompt3" name="test_leaderboard_goals_and_participations" time="0.251" /><testcase classname="tests.test_prompt3" name="test_leaderboard_free_blocked" time="0.112" /><testcase classname="tests.test_prompt3" name="test_seasons_list_and_hall_of_fame" time="0.242" /><testcase classname="tests.test_prompt3" name="test_seasons_validation_and_close" time="0.942" /><testcase classname="tests.test_prompt3" name="test_chat_post_and_list_with_emoji" time="0.341" /><testcase classname="tests.test_prompt3" name="test_chat_non_member_blocked" time="0.221" /><testcase classname="tests.test_prompt3" name="test_listings_browse_no_auth" time="0.207" /><testcase classname="tests.test_prompt3" name="test_listings_geo_filter" time="0.102" /><testcase classname="tests.test_prompt3" name="test_listings_create_and_respond" time="1.023" /><testcase classname="tests.test_prompt3" name="test_player_search" time="0.270" /><testcase classname="tests.test_prompt3" name="test_invitations_flow" time="0.830" /><testcase classname="tests.test_prompt3" name="test_group_follows" time="0.514" /><testcase classname="tests.test_prompt3" name="test_admin_login_wrong_password" time="0.112" /><testcase classname="tests.test_prompt3" name="test_admin_stats" time="0.106" /><testcase classname="tests.test_prompt3" name="test_admin_groups_users_payments" time="0.860" /><testcase classname="tests.test_prompt3" name="test_admin_non_admin_token_blocked" time="0.114" /><testcase classname="tests.test_prompt3" name="test_admin_no_token" time="0.129" /></testsuite></testsuites>