<?xml version="1.0" encoding="utf-8"?><testsuites name="pytest tests"><testsuite name="pytest" errors="0" failures="0" skipped="0" tests="34" time="4.471" timestamp="2026-04-26T10:20:20.181196+00:00" hostname="agent-env-9e738084-d90b-48c0-986e-190c4cb329fc"><testcase classname="backend.tests.test_backend_e2e.TestHealth" name="test_health_ok" time="0.227" /><testcase classname="backend.tests.test_backend_e2e.TestAuthOTP" name="test_auth_start_invalid_phone_no_plus" time="0.110" /><testcase classname="backend.tests.test_backend_e2e.TestAuthOTP" name="test_auth_start_valid" time="0.105" /><testcase classname="backend.tests.test_backend_e2e.TestAuthOTP" name="test_resend_cooldown_60s" time="0.158" /><testcase classname="backend.tests.test_backend_e2e.TestAuthOTP" name="test_rate_limit_5_per_hour" time="0.107" /><testcase classname="backend.tests.test_backend_e2e.TestAuthOTP" name="test_verify_with_dev_otp_new_user" time="0.108" /><testcase classname="backend.tests.test_backend_e2e.TestAuthOTP" name="test_verify_wrong_otp" time="0.102" /><testcase classname="backend.tests.test_backend_e2e.TestMe" name="test_super_test_login" time="0.102" /><testcase classname="backend.tests.test_backend_e2e.TestMe" name="test_get_me_returns_id_not_underscore" time="0.146" /><testcase classname="backend.tests.test_backend_e2e.TestMe" name="test_patch_me_updates_nickname_email" time="0.149" /><testcase classname="backend.tests.test_backend_e2e.TestMe" name="test_me_requires_auth" time="0.104" /><testcase classname="backend.tests.test_backend_e2e.TestMe" name="test_me_invalid_token" time="0.095" /><testcase classname="backend.tests.test_backend_e2e.TestGroups" name="test_a_create_group" time="0.122" /><testcase classname="backend.tests.test_backend_e2e.TestGroups" name="test_b_create_second_group_blocked" time="0.100" /><testcase classname="backend.tests.test_backend_e2e.TestGroups" name="test_c_my_groups" time="0.113" /><testcase classname="backend.tests.test_backend_e2e.TestGroups" name="test_d_public_groups_geo" time="0.113" /><testcase classname="backend.tests.test_backend_e2e.TestGroups" name="test_e_preview_by_code_no_auth" time="0.157" /><testcase classname="backend.tests.test_backend_e2e.TestGroups" name="test_e2_get_group_by_id_requires_auth" time="0.108" /><testcase classname="backend.tests.test_backend_e2e.TestGroups" name="test_f_get_group_full" time="0.115" /><testcase classname="backend.tests.test_backend_e2e.TestGroups" name="test_g_patch_points_config" time="0.151" /><testcase classname="backend.tests.test_backend_e2e.TestGroups" name="test_h_patch_invalid_points_config" time="0.118" /><testcase classname="backend.tests.test_backend_e2e.TestGroups" name="test_i_add_category" time="0.103" /><testcase classname="backend.tests.test_backend_e2e.TestGroups" name="test_j_add_duplicate_category" time="0.099" /><testcase classname="backend.tests.test_backend_e2e.TestGroups" name="test_k_deactivate_category" time="0.114" /><testcase classname="backend.tests.test_backend_e2e.TestMembers" name="test_a_add_member_phone_not_found" time="0.120" /><testcase classname="backend.tests.test_backend_e2e.TestMembers" name="test_b_add_guest" time="0.115" /><testcase classname="backend.tests.test_backend_e2e.TestMembers" name="test_c_list_members_includes_guest" time="0.117" /><testcase classname="backend.tests.test_backend_e2e.TestMembers" name="test_d_guest_merge_via_auth_join" time="0.214" /><testcase classname="backend.tests.test_backend_e2e.TestMembers" name="test_e_change_role_to_organizer" time="0.106" /><testcase classname="backend.tests.test_backend_e2e.TestMembers" name="test_f_cannot_change_owner_role" time="0.145" /><testcase classname="backend.tests.test_backend_e2e.TestMembers" name="test_g_organizer_cannot_remove_organizer" time="0.113" /><testcase classname="backend.tests.test_backend_e2e.TestMembers" name="test_h_cannot_remove_owner" time="0.148" /><testcase classname="backend.tests.test_backend_e2e.TestMembers" name="test_i_remove_member" time="0.172" /><testcase classname="backend.tests.test_backend_e2e.TestMembers" name="test_j_add_guest_then_remove" time="0.169" /></testsuite></testsuites>